#
# A fatal error has been detected by the Java Runtime Environment:
#
#  EXCEPTION_STACK_OVERFLOW (0xc00000fd) at pc=0x00007fff598e4ce3, pid=29900, tid=47604
#
# JRE version: OpenJDK Runtime Environment Zulu21.32+17-CA (21.0.2+13) (build 21.0.2+13-LTS)
# Java VM: OpenJDK 64-Bit Server VM Zulu21.32+17-CA (21.0.2+13-LTS, mixed mode, sharing, tiered, compressed oops, compressed class ptrs, g1 gc, windows-amd64)
# Problematic frame:
# V  [jvm.dll+0x3e4ce3]
#
# No core dump will be written. Minidumps are not enabled by default on client versions of Windows
#
# If you would like to submit a bug report, please visit:
#   http://www.azul.com/support/
#

---------------  S U M M A R Y ------------

Command Line: -javaagent:C:\Program Files\JetBrains\IntelliJ IDEA Community Edition 2023.3.3\lib\idea_rt.jar=62483:C:\Program Files\JetBrains\IntelliJ IDEA Community Edition 2023.3.3\bin -Dfile.encoding=UTF-8 -Dsun.stdout.encoding=UTF-8 -Dsun.stderr.encoding=UTF-8 com.java.consejofacil.App

Host: Intel(R) Core(TM) i7-8550U CPU @ 1.80GHz, 8 cores, 15G,  Windows 10 , 64 bit Build 19041 (10.0.19041.3636)
Time: Thu Feb 22 14:21:19 2024 Hora estándar Sudamérica este elapsed time: 1.494803 seconds (0d 0h 0m 1s)

---------------  T H R E A D  ---------------

Current thread (0x0000029f6aa0aa40):  JavaThread "WindowsNativeRunloopThread"        [_thread_in_vm, id=47604, stack(0x000000c407200000,0x000000c407300000) (1024K)]

Stack: [0x000000c407200000,0x000000c407300000],  sp=0x000000c4072ff920,  free space=1022k
Native frames: (J=compiled Java code, j=interpreted, Vv=VM code, C=native code)
V  [jvm.dll+0x3e4ce3]
V  [jvm.dll+0x6d46e2]
V  [jvm.dll+0x3e598b]
V  [jvm.dll+0x3e5c17]
V  [jvm.dll+0x4791d5]
V  [jvm.dll+0x3f7036]
V  [jvm.dll+0x858528]
